<?xml version="1.0" encoding="UTF-8"?>
<testsuite name="com.ll.level0.p120830.Tests" tests="2" skipped="0" failures="0" errors="0" timestamp="2023-02-23T01:59:27" hostname="DESKTOP-RDGCD11" time="0.047">
  <properties/>
  <testcase name="10인분의 양꼬치와 음료 3개를 먹으면 음료1개가 추가되서 124000이다" classname="com.ll.level0.p120830.Tests" time="0.045"/>
  <testcase name="64인분의 양꼬치와 음료 6개를 먹으면 음료6개가 서비스 추가되서 768000이다" classname="com.ll.level0.p120830.Tests" time="0.001"/>
  <system-out><![CDATA[]]></system-out>
  <system-err><![CDATA[]]></system-err>
</testsuite>
